Build started 7/21/2021 4:45:20 PM.
     1>Project "C:\Users\tienk\Desktop\GIT HUB\tien.vanluu\#2 3D training\TrainingFramework_VS2013\TrainingFramework\TrainingFramework.vcxproj" on node 2 (Build target(s)).
     1>ClCompile:
         C:\Program Files (x86)\Microsoft Visual Studio 12.0\VC\bin\CL.exe /c /I"C:\Users\tienk\Desktop\GIT HUB\tien.vanluu\#2 3D training\TrainingFramework_VS2013\\Include" /I"C:\Users\tienk\Desktop\GIT HUB\tien.vanluu\#2 3D training\TrainingFramework_VS2013\\" /I"C:\Users\tienk\Desktop\GIT HUB\tien.vanluu\#2 3D training\TrainingFramework_VS2013\\Resources" /ZI /nologo /W3 /WX- /Od /Oy- /D WIN32 /D _DEBUG /D _CONSOLE /D _CRT_SECURE_NO_WARNINGS /D _MBCS /Gm /EHsc /RTC1 /MDd /GS /fp:precise /Zc:wchar_t /Zc:forScope /Yu"stdafx.h" /Fp"Debug\TrainingFramework.pch" /Fo"Debug\\" /Fd"Debug\vc120.pdb" /Gd /TP /analyze- /errorReport:prompt SceneManager.cpp
         SceneManager.cpp
     1>c:\users\tienk\desktop\git hub\tien.vanluu\#2 3d training\trainingframework_vs2013\trainingframework\scenemanager.cpp(97): warning C4018: '<' : signed/unsigned mismatch
       Link:
         C:\Program Files (x86)\Microsoft Visual Studio 12.0\VC\bin\link.exe /ERRORREPORT:PROMPT /OUT:"C:\Users\tienk\Desktop\GIT HUB\tien.vanluu\#2 3D training\TrainingFramework_VS2013\\BIN\TrainingFramework.exe" /INCREMENTAL /NOLOGO /LIBPATH:"C:\Users\tienk\Desktop\GIT HUB\tien.vanluu\#2 3D training\TrainingFramework_VS2013\\Lib" libEGL.lib libGLESv2.lib kernel32.lib user32.lib gdi32.lib winspool.lib comdlg32.lib advapi32.lib shell32.lib ole32.lib oleaut32.lib uuid.lib odbc32.lib odbccp32.lib /MANIFEST /MANIFESTUAC:"level='asInvoker' uiAccess='false'" /manifest:embed /DEBUG /PDB:"C:\Users\tienk\Desktop\GIT HUB\tien.vanluu\#2 3D training\TrainingFramework_VS2013\\BIN\TrainingFramework.pdb" /SUBSYSTEM:CONSOLE /TLBID:1 /DYNAMICBASE /NXCOMPAT /IMPLIB:"C:\Users\tienk\Desktop\GIT HUB\tien.vanluu\#2 3D training\TrainingFramework_VS2013\\BIN\TrainingFramework.lib" /MACHINE:X86 /SAFESEH Debug\CameraLookAt.obj
         Debug\Models.obj
         Debug\Objects.obj
         Debug\ResourceManager.obj
         Debug\SceneManager.obj
         Debug\Texture.obj
         Debug\TrainingFramework.obj
         Debug\Shaders.obj
         Debug\stdafx.obj
         "C:\Users\tienk\Desktop\GIT HUB\tien.vanluu\#2 3D training\TrainingFramework_VS2013\Debug\Utilities.lib"
         TrainingFramework.vcxproj -> C:\Users\tienk\Desktop\GIT HUB\tien.vanluu\#2 3D training\TrainingFramework_VS2013\\BIN\TrainingFramework.exe
     1>Done Building Project "C:\Users\tienk\Desktop\GIT HUB\tien.vanluu\#2 3D training\TrainingFramework_VS2013\TrainingFramework\TrainingFramework.vcxproj" (Build target(s)).

Build succeeded.

Time Elapsed 00:00:01.45
