c:\tien.luuvan\c++\physicengine\trunk\frameworkc++\debug\vc140.pdb
c:\tien.luuvan\c++\physicengine\trunk\frameworkc++\debug\vc140.idb
c:\tien.luuvan\c++\physicengine\trunk\frameworkc++\debug\main.obj
c:\tien.luuvan\c++\physicengine\trunk\frameworkc++\debug\matrix.obj
c:\tien.luuvan\c++\physicengine\trunk\frameworkc++\debug\shadermanager.obj
c:\tien.luuvan\c++\physicengine\trunk\frameworkc++\debug\videodriver.obj
c:\tien.luuvan\c++\physicengine\trunk\frameworkc++\debug\object.obj
c:\tien.luuvan\c++\physicengine\trunk\frameworkc++\debug\circle.obj
c:\tien.luuvan\c++\physicengine\trunk\frameworkc++\debug\scenemanager.obj
c:\tien.luuvan\c++\physicengine\trunk\frameworkc++\debug\rectangle.obj
c:\tien.luuvan\c++\physicengine\trunk\frameworkc++\debug\rectangles.obj
c:\tien.luuvan\c++\physicengine\trunk\frameworkc++\bin\framework.ilk
c:\tien.luuvan\c++\physicengine\trunk\frameworkc++\bin\framework.exe
c:\tien.luuvan\c++\physicengine\trunk\frameworkc++\bin\framework.pdb
c:\tien.luuvan\c++\physicengine\trunk\frameworkc++\debug\framework.tlog\cl.command.1.tlog
c:\tien.luuvan\c++\physicengine\trunk\frameworkc++\debug\framework.tlog\cl.read.1.tlog
c:\tien.luuvan\c++\physicengine\trunk\frameworkc++\debug\framework.tlog\cl.write.1.tlog
c:\tien.luuvan\c++\physicengine\trunk\frameworkc++\debug\framework.tlog\link.command.1.tlog
c:\tien.luuvan\c++\physicengine\trunk\frameworkc++\debug\framework.tlog\link.read.1.tlog
c:\tien.luuvan\c++\physicengine\trunk\frameworkc++\debug\framework.tlog\link.write.1.tlog
